[Shool-Server]: [31mSchool Server Running (5000)[39m
[Shool-Server]: [31mSchool Server Running (5000)[39m
[Shool-Server]: [31mSchool Server Running (5000)[39m
[School-Server]: [31mDatabase Connection Error: connect EHOSTUNREACH 0.0.105.137:27017 - Local (172.20.10.2:62956)[39m
[School-Server]: [31mSome Error testing...[39m
[School-Server]: [31mdata is not defined[39m
[School-Server]: [31mdata is not defined[39m
[School-Server]: [31msecretOrPrivateKey must have a value[39m
[School-Server]: [31msecretOrPrivateKey must have a value[39m
[School-Server]: [31minvalid expiresIn option for string payload[39m
[School-Server]: [31minvalid expiresIn option for string payload[39m
[School-Server]: [31mrole is not defined[39m
[School-Server]: [31mUser validation failed: role: Path `role` is required.[39m
[School-Server]: [31mUser validation failed: role: Path `role` is required.[39m
[School-Server]: [31mE11000 duplicate key error collection: school.users index: username_1 dup key: { username: "dummy" }[39m
[School-Server]: [31mCannot set headers after they are sent to the client[39m
[School-Server]: [31mCannot set headers after they are sent to the client[39m
[School-Server]: [31mCannot set headers after they are sent to the client[39m
[School-Server]: [31mCannot set headers after they are sent to the client[39m
[School-Server]: [31mCannot set headers after they are sent to the client[39m
[School-Server]: [31mCannot set headers after they are sent to the client[39m
[School-Server]: [31mCannot set headers after they are sent to the client[39m
[School-Server]: [31mCannot set headers after they are sent to the client[39m
[School-Server]: [31mCannot set headers after they are sent to the client[39m
[School-Server]: [31mCannot set headers after they are sent to the client[39m
[School-Server]: [31mCannot set headers after they are sent to the client[39m
[School-Server]: [31mCannot set headers after they are sent to the client[39m
[School-Server]: [31mCannot set headers after they are sent to the client[39m
[School-Server]: [31mUnexpected token } in JSON at position 140[39m
[School-Server]: [31mCannot set headers after they are sent to the client[39m
[School-Server]: [31mCannot set headers after they are sent to the client[39m
[School-Server]: [31mCannot set headers after they are sent to the client[39m
[School-Server]: [31mCannot set headers after they are sent to the client[39m
[School-Server]: [31mCast to ObjectId failed for value "655567c92b14522135dcc1a361f" (type string) at path "_id" for model "SchoolCalendarEvent"[39m
[School-Server]: [31mCast to ObjectId failed for value "655567c92b14522135dcc1a361f" (type string) at path "_id" for model "SchoolCalendarEvent"[39m
[School-Server]: [31mDatabase Connection Error: connection timed out[39m
[School-Server]: [31mDatabase Connection Error: connection timed out[39m
[School-Server]: [31mStudent.count is not a function[39m
[School-Server]: [31mStudent.count is not a function[39m
[School-Server]: [31mStudent.count is not a function[39m
[School-Server]: [31mStudent.count is not a function[39m
[School-Server]: [31mStudent.count is not a function[39m
[School-Server]: [31m`Model.find()` cannot run without a model as `this`. Make sure you are not calling `new Model.find()`[39m
[School-Server]: [31m`Model.find()` cannot run without a model as `this`. Make sure you are not calling `new Model.find()`[39m
[School-Server]: [31mCannot set headers after they are sent to the client[39m
[School-Server]: [31mCast to ObjectId failed for value "id" (type string) at path "_id" for model "User"[39m
[School-Server]: [31mCast to ObjectId failed for value "id" (type string) at path "_id" for model "User"[39m
[School-Server]: [31mCast to ObjectId failed for value "id" (type string) at path "_id" for model "User"[39m
[School-Server]: [31mCast to ObjectId failed for value "id" (type string) at path "_id" for model "User"[39m
[School-Server]: [31mCast to ObjectId failed for value "id" (type string) at path "_id" for model "User"[39m
[School-Server]: [31mCast to ObjectId failed for value "id" (type string) at path "_id" for model "User"[39m
[School-Server]: [31mCannot read properties of undefined (reading 'role')[39m
[School-Server]: [31mCannot read properties of undefined (reading 'role')[39m
[School-Server]: [31muser_id is not defined[39m
[School-Server]: [31muser_id is not defined[39m
[School-Server]: [31muser_id is not defined[39m
[School-Server]: [31mCast to ObjectId failed for value "ilfdnj dfm" (type string) at path "_id" for model "User"[39m
[School-Server]: [31mCast to ObjectId failed for value "ilfdnj dfm" (type string) at path "_id" for model "User"[39m
[School-Server]: [31mCast to ObjectId failed for value "ilfdnj dfm" (type string) at path "_id" for model "User"[39m
[School-Server]: [31mCast to ObjectId failed for value "ilfdnj dfm" (type string) at path "_id" for model "User"[39m
[School-Server]: [31mCast to ObjectId failed for value "ndjsfkfd" (type string) at path "_id" for model "Class"[39m
[School-Server]: [31mCast to ObjectId failed for value "hbdsjk" (type string) at path "_id" for model "User"[39m
[School-Server]: [31mreq.headers is not a function[39m
[School-Server]: [31mgrade is not defined[39m
[School-Server]: [31mCast to ObjectId failed for value "kjfndn" (type string) at path "_id" for model "User"[39m
[School-Server]: [31mDatabase Connection Error: connection timed out[39m
[School-Server]: [31mOperation `users.findOne()` buffering timed out after 10000ms[39m
[School-Server]: [31mOperation `users.findOne()` buffering timed out after 10000ms[39m
[School-Server]: [31mOperation `users.findOne()` buffering timed out after 10000ms[39m
[School-Server]: [31mOperation `users.findOne()` buffering timed out after 10000ms[39m
[School-Server]: [31mOperation `users.findOne()` buffering timed out after 10000ms[39m
[School-Server]: [31mOperation `users.findOne()` buffering timed out after 10000ms[39m
[School-Server]: [31mOperation `users.findOne()` buffering timed out after 10000ms[39m
[School-Server]: [31mOperation `users.findOne()` buffering timed out after 10000ms[39m
[School-Server]: [31mOperation `users.findOne()` buffering timed out after 10000ms[39m
[School-Server]: [31mOperation `users.findOne()` buffering timed out after 10000ms[39m
[School-Server]: [31mOperation `users.findOne()` buffering timed out after 10000ms[39m
[School-Server]: [31mOperation `users.findOne()` buffering timed out after 10000ms[39m
[School-Server]: [31mOperation `users.findOne()` buffering timed out after 10000ms[39m
[School-Server]: [31mOperation `users.findOne()` buffering timed out after 10000ms[39m
